<?xml version="1.0" encoding="UTF-8"?>
<!-- Generated by org.testng.reporters.JUnitReportReporter -->
<testsuite skipped="0" hostname="DESKTOP-VBREMM5" name="com.employeeapi.testCases.TC003_Post_Employee_Record" tests="6" failures="0" timestamp="01 Jun 2019 18:55:24 GMT" time="0.026" errors="0">
  <testcase name="checkStatusLine" time="0.007" classname="com.employeeapi.testCases.TC003_Post_Employee_Record"/>
  <testcase name="checkContentEncoding" time="0.000" classname="com.employeeapi.testCases.TC003_Post_Employee_Record"/>
  <testcase name="checkContentType" time="0.004" classname="com.employeeapi.testCases.TC003_Post_Employee_Record"/>
  <testcase name="checkStatusCode" time="0.011" classname="com.employeeapi.testCases.TC003_Post_Employee_Record"/>
  <testcase name="checkServerType" time="0.004" classname="com.employeeapi.testCases.TC003_Post_Employee_Record"/>
  <testcase name="checkResponseBody" time="0.000" classname="com.employeeapi.testCases.TC003_Post_Employee_Record"/>
</testsuite> <!-- com.employeeapi.testCases.TC003_Post_Employee_Record -->
